mode: set
github.com/lwithers/pkg/writefile/writefile.go:34.73,40.39 3 1
github.com/lwithers/pkg/writefile/writefile.go:70.2,75.8 2 1
github.com/lwithers/pkg/writefile/writefile.go:40.39,42.10 2 1
github.com/lwithers/pkg/writefile/writefile.go:43.42,44.10 1 0
github.com/lwithers/pkg/writefile/writefile.go:46.52,48.10 2 1
github.com/lwithers/pkg/writefile/writefile.go:50.50,52.18 2 1
github.com/lwithers/pkg/writefile/writefile.go:55.4,55.27 1 1
github.com/lwithers/pkg/writefile/writefile.go:61.11,67.10 2 1
github.com/lwithers/pkg/writefile/writefile.go:52.18,54.5 1 0
github.com/lwithers/pkg/writefile/writefile.go:55.27,57.5 1 1
github.com/lwithers/pkg/writefile/writefile.go:57.5,59.5 1 1
github.com/lwithers/pkg/writefile/writefile.go:79.24,82.2 2 1
github.com/lwithers/pkg/writefile/writefile.go:86.54,88.2 1 1
github.com/lwithers/pkg/writefile/writefile.go:93.50,94.33 1 1
github.com/lwithers/pkg/writefile/writefile.go:101.2,101.48 1 1
github.com/lwithers/pkg/writefile/writefile.go:105.2,105.34 1 1
github.com/lwithers/pkg/writefile/writefile.go:110.2,110.56 1 1
github.com/lwithers/pkg/writefile/writefile.go:115.2,115.12 1 1
github.com/lwithers/pkg/writefile/writefile.go:94.33,97.3 2 0
github.com/lwithers/pkg/writefile/writefile.go:101.48,103.3 1 1
github.com/lwithers/pkg/writefile/writefile.go:105.34,108.3 2 0
github.com/lwithers/pkg/writefile/writefile.go:110.56,113.3 2 0
